<?xml version="1.0" encoding="UTF-8"?>
<testsuite xmlns:xsi="http://www.w3.org/2001/XMLSchema-instance" xsi:noNamespaceSchemaLocation="https://maven.apache.org/surefire/maven-surefire-plugin/xsd/surefire-test-report.xsd" name="edu.ecu.cs.seng6285.restfulbots.RestfulBotsApplicationTests" time="3.912" tests="1" errors="0" skipped="0" failures="0">
  <properties>
    <property name="java.specification.version" value="17"/>
    <property name="sun.cpu.isalist" value="amd64"/>
    <property name="sun.jnu.encoding" value="Cp1252"/>
    <property name="java.class.path" value="C:\Users\holde\Desktop\homework-2-holden-pi\target\test-classes;C:\Users\holde\Desktop\homework-2-holden-pi\target\classes;C:\Users\holde\.m2\repository\org\springframework\boot\spring-boot-starter-data-rest\2.4.2\spring-boot-starter-data-rest-2.4.2.jar;C:\Users\holde\.m2\repository\org\springframework\data\spring-data-rest-webmvc\3.4.3\spring-data-rest-webmvc-3.4.3.jar;C:\Users\holde\.m2\repository\org\springframework\data\spring-data-rest-core\3.4.3\spring-data-rest-core-3.4.3.jar;C:\Users\holde\.m2\repository\org\springframework\spring-tx\5.3.3\spring-tx-5.3.3.jar;C:\Users\holde\.m2\repository\org\springframework\hateoas\spring-hateoas\1.2.3\spring-hateoas-1.2.3.jar;C:\Users\holde\.m2\repository\org\springframework\data\spring-data-commons\2.4.3\spring-data-commons-2.4.3.jar;C:\Users\holde\.m2\repository\org\springframework\plugin\spring-plugin-core\2.0.0.RELEASE\spring-plugin-core-2.0.0.RELEASE.jar;C:\Users\holde\.m2\repository\org\atteo\evo-inflector\1.2.2\evo-inflector-1.2.2.jar;C:\Users\holde\.m2\repository\com\fasterxml\jackson\core\jackson-databind\2.11.4\jackson-databind-2.11.4.jar;C:\Users\holde\.m2\repository\com\fasterxml\jackson\core\jackson-core\2.11.4\jackson-core-2.11.4.jar;C:\Users\holde\.m2\repository\com\fasterxml\jackson\core\jackson-annotations\2.11.4\jackson-annotations-2.11.4.jar;C:\Users\holde\.m2\repository\org\slf4j\slf4j-api\1.7.30\slf4j-api-1.7.30.jar;C:\Users\holde\.m2\repository\org\springframework\boot\spring-boot-starter-web\2.4.2\spring-boot-starter-web-2.4.2.jar;C:\Users\holde\.m2\repository\org\springframework\boot\spring-boot-starter\2.4.2\spring-boot-starter-2.4.2.jar;C:\Users\holde\.m2\repository\org\springframework\boot\spring-boot\2.4.2\spring-boot-2.4.2.jar;C:\Users\holde\.m2\repository\org\springframework\boot\spring-boot-autoconfigure\2.4.2\spring-boot-autoconfigure-2.4.2.jar;C:\Users\holde\.m2\repository\org\springframework\boot\spring-boot-starter-logging\2.4.2\spring-boot-starter-logging-2.4.2.jar;C:\Users\holde\.m2\repository\ch\qos\logback\logback-classic\1.2.3\logback-classic-1.2.3.jar;C:\Users\holde\.m2\repository\ch\qos\logback\logback-core\1.2.3\logback-core-1.2.3.jar;C:\Users\holde\.m2\repository\org\apache\logging\log4j\log4j-to-slf4j\2.13.3\log4j-to-slf4j-2.13.3.jar;C:\Users\holde\.m2\repository\org\apache\logging\log4j\log4j-api\2.13.3\log4j-api-2.13.3.jar;C:\Users\holde\.m2\repository\org\slf4j\jul-to-slf4j\1.7.30\jul-to-slf4j-1.7.30.jar;C:\Users\holde\.m2\repository\jakarta\annotation\jakarta.annotation-api\1.3.5\jakarta.annotation-api-1.3.5.jar;C:\Users\holde\.m2\repository\org\yaml\snakeyaml\1.27\snakeyaml-1.27.jar;C:\Users\holde\.m2\repository\org\springframework\boot\spring-boot-starter-json\2.4.2\spring-boot-starter-json-2.4.2.jar;C:\Users\holde\.m2\repository\com\fasterxml\jackson\datatype\jackson-datatype-jdk8\2.11.4\jackson-datatype-jdk8-2.11.4.jar;C:\Users\holde\.m2\repository\com\fasterxml\jackson\datatype\jackson-datatype-jsr310\2.11.4\jackson-datatype-jsr310-2.11.4.jar;C:\Users\holde\.m2\repository\com\fasterxml\jackson\module\jackson-module-parameter-names\2.11.4\jackson-module-parameter-names-2.11.4.jar;C:\Users\holde\.m2\repository\org\springframework\boot\spring-boot-starter-tomcat\2.4.2\spring-boot-starter-tomcat-2.4.2.jar;C:\Users\holde\.m2\repository\org\apache\tomcat\embed\tomcat-embed-core\9.0.41\tomcat-embed-core-9.0.41.jar;C:\Users\holde\.m2\repository\org\glassfish\jakarta.el\3.0.3\jakarta.el-3.0.3.jar;C:\Users\holde\.m2\repository\org\apache\tomcat\embed\tomcat-embed-websocket\9.0.41\tomcat-embed-websocket-9.0.41.jar;C:\Users\holde\.m2\repository\org\springframework\spring-web\5.3.3\spring-web-5.3.3.jar;C:\Users\holde\.m2\repository\org\springframework\spring-beans\5.3.3\spring-beans-5.3.3.jar;C:\Users\holde\.m2\repository\org\springframework\spring-webmvc\5.3.3\spring-webmvc-5.3.3.jar;C:\Users\holde\.m2\repository\org\springframework\spring-aop\5.3.3\spring-aop-5.3.3.jar;C:\Users\holde\.m2\repository\org\springframework\spring-context\5.3.3\spring-context-5.3.3.jar;C:\Users\holde\.m2\repository\org\springframework\spring-expression\5.3.3\spring-expression-5.3.3.jar;C:\Users\holde\.m2\repository\org\springframework\boot\spring-boot-starter-test\2.4.2\spring-boot-starter-test-2.4.2.jar;C:\Users\holde\.m2\repository\org\springframework\boot\spring-boot-test\2.4.2\spring-boot-test-2.4.2.jar;C:\Users\holde\.m2\repository\org\springframework\boot\spring-boot-test-autoconfigure\2.4.2\spring-boot-test-autoconfigure-2.4.2.jar;C:\Users\holde\.m2\repository\com\jayway\jsonpath\json-path\2.4.0\json-path-2.4.0.jar;C:\Users\holde\.m2\repository\net\minidev\json-smart\2.3\json-smart-2.3.jar;C:\Users\holde\.m2\repository\net\minidev\accessors-smart\1.2\accessors-smart-1.2.jar;C:\Users\holde\.m2\repository\org\ow2\asm\asm\5.0.4\asm-5.0.4.jar;C:\Users\holde\.m2\repository\jakarta\xml\bind\jakarta.xml.bind-api\2.3.3\jakarta.xml.bind-api-2.3.3.jar;C:\Users\holde\.m2\repository\jakarta\activation\jakarta.activation-api\1.2.2\jakarta.activation-api-1.2.2.jar;C:\Users\holde\.m2\repository\org\assertj\assertj-core\3.18.1\assertj-core-3.18.1.jar;C:\Users\holde\.m2\repository\org\hamcrest\hamcrest\2.2\hamcrest-2.2.jar;C:\Users\holde\.m2\repository\org\junit\jupiter\junit-jupiter\5.7.0\junit-jupiter-5.7.0.jar;C:\Users\holde\.m2\repository\org\junit\jupiter\junit-jupiter-api\5.7.0\junit-jupiter-api-5.7.0.jar;C:\Users\holde\.m2\repository\org\apiguardian\apiguardian-api\1.1.0\apiguardian-api-1.1.0.jar;C:\Users\holde\.m2\repository\org\opentest4j\opentest4j\1.2.0\opentest4j-1.2.0.jar;C:\Users\holde\.m2\repository\org\junit\platform\junit-platform-commons\1.7.0\junit-platform-commons-1.7.0.jar;C:\Users\holde\.m2\repository\org\junit\jupiter\junit-jupiter-params\5.7.0\junit-jupiter-params-5.7.0.jar;C:\Users\holde\.m2\repository\org\junit\jupiter\junit-jupiter-engine\5.7.0\junit-jupiter-engine-5.7.0.jar;C:\Users\holde\.m2\repository\org\junit\platform\junit-platform-engine\1.7.0\junit-platform-engine-1.7.0.jar;C:\Users\holde\.m2\repository\org\mockito\mockito-core\3.6.28\mockito-core-3.6.28.jar;C:\Users\holde\.m2\repository\net\bytebuddy\byte-buddy\1.10.19\byte-buddy-1.10.19.jar;C:\Users\holde\.m2\repository\net\bytebuddy\byte-buddy-agent\1.10.19\byte-buddy-agent-1.10.19.jar;C:\Users\holde\.m2\repository\org\objenesis\objenesis\3.1\objenesis-3.1.jar;C:\Users\holde\.m2\repository\org\mockito\mockito-junit-jupiter\3.6.28\mockito-junit-jupiter-3.6.28.jar;C:\Users\holde\.m2\repository\org\skyscreamer\jsonassert\1.5.0\jsonassert-1.5.0.jar;C:\Users\holde\.m2\repository\com\vaadin\external\google\android-json\0.0.20131108.vaadin1\android-json-0.0.20131108.vaadin1.jar;C:\Users\holde\.m2\repository\org\springframework\spring-core\5.3.3\spring-core-5.3.3.jar;C:\Users\holde\.m2\repository\org\springframework\spring-jcl\5.3.3\spring-jcl-5.3.3.jar;C:\Users\holde\.m2\repository\org\springframework\spring-test\5.3.3\spring-test-5.3.3.jar;C:\Users\holde\.m2\repository\org\xmlunit\xmlunit-core\2.7.0\xmlunit-core-2.7.0.jar;"/>
    <property name="java.vm.vendor" value="Eclipse Adoptium"/>
    <property name="sun.arch.data.model" value="64"/>
    <property name="user.variant" value=""/>
    <property name="java.vendor.url" value="https://adoptium.net/"/>
    <property name="user.timezone" value="America/New_York"/>
    <property name="os.name" value="Windows 11"/>
    <property name="java.vm.specification.version" value="17"/>
    <property name="sun.java.launcher" value="SUN_STANDARD"/>
    <property name="user.country" value="US"/>
    <property name="sun.boot.library.path" value="C:\Program Files\Java\jdk-17.0.11+9\bin"/>
    <property name="sun.java.command" value="C:\Users\holde\AppData\Local\Temp\surefire165382716888115061\surefirebooter644606637664704540.jar C:\Users\holde\AppData\Local\Temp\surefire165382716888115061 2024-05-31T18-48-05_859-jvmRun1 surefire18330520113249717781tmp surefire_0507014956659845351tmp"/>
    <property name="jdk.debug" value="release"/>
    <property name="surefire.test.class.path" value="C:\Users\holde\Desktop\homework-2-holden-pi\target\test-classes;C:\Users\holde\Desktop\homework-2-holden-pi\target\classes;C:\Users\holde\.m2\repository\org\springframework\boot\spring-boot-starter-data-rest\2.4.2\spring-boot-starter-data-rest-2.4.2.jar;C:\Users\holde\.m2\repository\org\springframework\data\spring-data-rest-webmvc\3.4.3\spring-data-rest-webmvc-3.4.3.jar;C:\Users\holde\.m2\repository\org\springframework\data\spring-data-rest-core\3.4.3\spring-data-rest-core-3.4.3.jar;C:\Users\holde\.m2\repository\org\springframework\spring-tx\5.3.3\spring-tx-5.3.3.jar;C:\Users\holde\.m2\repository\org\springframework\hateoas\spring-hateoas\1.2.3\spring-hateoas-1.2.3.jar;C:\Users\holde\.m2\repository\org\springframework\data\spring-data-commons\2.4.3\spring-data-commons-2.4.3.jar;C:\Users\holde\.m2\repository\org\springframework\plugin\spring-plugin-core\2.0.0.RELEASE\spring-plugin-core-2.0.0.RELEASE.jar;C:\Users\holde\.m2\repository\org\atteo\evo-inflector\1.2.2\evo-inflector-1.2.2.jar;C:\Users\holde\.m2\repository\com\fasterxml\jackson\core\jackson-databind\2.11.4\jackson-databind-2.11.4.jar;C:\Users\holde\.m2\repository\com\fasterxml\jackson\core\jackson-core\2.11.4\jackson-core-2.11.4.jar;C:\Users\holde\.m2\repository\com\fasterxml\jackson\core\jackson-annotations\2.11.4\jackson-annotations-2.11.4.jar;C:\Users\holde\.m2\repository\org\slf4j\slf4j-api\1.7.30\slf4j-api-1.7.30.jar;C:\Users\holde\.m2\repository\org\springframework\boot\spring-boot-starter-web\2.4.2\spring-boot-starter-web-2.4.2.jar;C:\Users\holde\.m2\repository\org\springframework\boot\spring-boot-starter\2.4.2\spring-boot-starter-2.4.2.jar;C:\Users\holde\.m2\repository\org\springframework\boot\spring-boot\2.4.2\spring-boot-2.4.2.jar;C:\Users\holde\.m2\repository\org\springframework\boot\spring-boot-autoconfigure\2.4.2\spring-boot-autoconfigure-2.4.2.jar;C:\Users\holde\.m2\repository\org\springframework\boot\spring-boot-starter-logging\2.4.2\spring-boot-starter-logging-2.4.2.jar;C:\Users\holde\.m2\repository\ch\qos\logback\logback-classic\1.2.3\logback-classic-1.2.3.jar;C:\Users\holde\.m2\repository\ch\qos\logback\logback-core\1.2.3\logback-core-1.2.3.jar;C:\Users\holde\.m2\repository\org\apache\logging\log4j\log4j-to-slf4j\2.13.3\log4j-to-slf4j-2.13.3.jar;C:\Users\holde\.m2\repository\org\apache\logging\log4j\log4j-api\2.13.3\log4j-api-2.13.3.jar;C:\Users\holde\.m2\repository\org\slf4j\jul-to-slf4j\1.7.30\jul-to-slf4j-1.7.30.jar;C:\Users\holde\.m2\repository\jakarta\annotation\jakarta.annotation-api\1.3.5\jakarta.annotation-api-1.3.5.jar;C:\Users\holde\.m2\repository\org\yaml\snakeyaml\1.27\snakeyaml-1.27.jar;C:\Users\holde\.m2\repository\org\springframework\boot\spring-boot-starter-json\2.4.2\spring-boot-starter-json-2.4.2.jar;C:\Users\holde\.m2\repository\com\fasterxml\jackson\datatype\jackson-datatype-jdk8\2.11.4\jackson-datatype-jdk8-2.11.4.jar;C:\Users\holde\.m2\repository\com\fasterxml\jackson\datatype\jackson-datatype-jsr310\2.11.4\jackson-datatype-jsr310-2.11.4.jar;C:\Users\holde\.m2\repository\com\fasterxml\jackson\module\jackson-module-parameter-names\2.11.4\jackson-module-parameter-names-2.11.4.jar;C:\Users\holde\.m2\repository\org\springframework\boot\spring-boot-starter-tomcat\2.4.2\spring-boot-starter-tomcat-2.4.2.jar;C:\Users\holde\.m2\repository\org\apache\tomcat\embed\tomcat-embed-core\9.0.41\tomcat-embed-core-9.0.41.jar;C:\Users\holde\.m2\repository\org\glassfish\jakarta.el\3.0.3\jakarta.el-3.0.3.jar;C:\Users\holde\.m2\repository\org\apache\tomcat\embed\tomcat-embed-websocket\9.0.41\tomcat-embed-websocket-9.0.41.jar;C:\Users\holde\.m2\repository\org\springframework\spring-web\5.3.3\spring-web-5.3.3.jar;C:\Users\holde\.m2\repository\org\springframework\spring-beans\5.3.3\spring-beans-5.3.3.jar;C:\Users\holde\.m2\repository\org\springframework\spring-webmvc\5.3.3\spring-webmvc-5.3.3.jar;C:\Users\holde\.m2\repository\org\springframework\spring-aop\5.3.3\spring-aop-5.3.3.jar;C:\Users\holde\.m2\repository\org\springframework\spring-context\5.3.3\spring-context-5.3.3.jar;C:\Users\holde\.m2\repository\org\springframework\spring-expression\5.3.3\spring-expression-5.3.3.jar;C:\Users\holde\.m2\repository\org\springframework\boot\spring-boot-starter-test\2.4.2\spring-boot-starter-test-2.4.2.jar;C:\Users\holde\.m2\repository\org\springframework\boot\spring-boot-test\2.4.2\spring-boot-test-2.4.2.jar;C:\Users\holde\.m2\repository\org\springframework\boot\spring-boot-test-autoconfigure\2.4.2\spring-boot-test-autoconfigure-2.4.2.jar;C:\Users\holde\.m2\repository\com\jayway\jsonpath\json-path\2.4.0\json-path-2.4.0.jar;C:\Users\holde\.m2\repository\net\minidev\json-smart\2.3\json-smart-2.3.jar;C:\Users\holde\.m2\repository\net\minidev\accessors-smart\1.2\accessors-smart-1.2.jar;C:\Users\holde\.m2\repository\org\ow2\asm\asm\5.0.4\asm-5.0.4.jar;C:\Users\holde\.m2\repository\jakarta\xml\bind\jakarta.xml.bind-api\2.3.3\jakarta.xml.bind-api-2.3.3.jar;C:\Users\holde\.m2\repository\jakarta\activation\jakarta.activation-api\1.2.2\jakarta.activation-api-1.2.2.jar;C:\Users\holde\.m2\repository\org\assertj\assertj-core\3.18.1\assertj-core-3.18.1.jar;C:\Users\holde\.m2\repository\org\hamcrest\hamcrest\2.2\hamcrest-2.2.jar;C:\Users\holde\.m2\repository\org\junit\jupiter\junit-jupiter\5.7.0\junit-jupiter-5.7.0.jar;C:\Users\holde\.m2\repository\org\junit\jupiter\junit-jupiter-api\5.7.0\junit-jupiter-api-5.7.0.jar;C:\Users\holde\.m2\repository\org\apiguardian\apiguardian-api\1.1.0\apiguardian-api-1.1.0.jar;C:\Users\holde\.m2\repository\org\opentest4j\opentest4j\1.2.0\opentest4j-1.2.0.jar;C:\Users\holde\.m2\repository\org\junit\platform\junit-platform-commons\1.7.0\junit-platform-commons-1.7.0.jar;C:\Users\holde\.m2\repository\org\junit\jupiter\junit-jupiter-params\5.7.0\junit-jupiter-params-5.7.0.jar;C:\Users\holde\.m2\repository\org\junit\jupiter\junit-jupiter-engine\5.7.0\junit-jupiter-engine-5.7.0.jar;C:\Users\holde\.m2\repository\org\junit\platform\junit-platform-engine\1.7.0\junit-platform-engine-1.7.0.jar;C:\Users\holde\.m2\repository\org\mockito\mockito-core\3.6.28\mockito-core-3.6.28.jar;C:\Users\holde\.m2\repository\net\bytebuddy\byte-buddy\1.10.19\byte-buddy-1.10.19.jar;C:\Users\holde\.m2\repository\net\bytebuddy\byte-buddy-agent\1.10.19\byte-buddy-agent-1.10.19.jar;C:\Users\holde\.m2\repository\org\objenesis\objenesis\3.1\objenesis-3.1.jar;C:\Users\holde\.m2\repository\org\mockito\mockito-junit-jupiter\3.6.28\mockito-junit-jupiter-3.6.28.jar;C:\Users\holde\.m2\repository\org\skyscreamer\jsonassert\1.5.0\jsonassert-1.5.0.jar;C:\Users\holde\.m2\repository\com\vaadin\external\google\android-json\0.0.20131108.vaadin1\android-json-0.0.20131108.vaadin1.jar;C:\Users\holde\.m2\repository\org\springframework\spring-core\5.3.3\spring-core-5.3.3.jar;C:\Users\holde\.m2\repository\org\springframework\spring-jcl\5.3.3\spring-jcl-5.3.3.jar;C:\Users\holde\.m2\repository\org\springframework\spring-test\5.3.3\spring-test-5.3.3.jar;C:\Users\holde\.m2\repository\org\xmlunit\xmlunit-core\2.7.0\xmlunit-core-2.7.0.jar;"/>
    <property name="sun.cpu.endian" value="little"/>
    <property name="user.home" value="C:\Users\holde"/>
    <property name="user.language" value="en"/>
    <property name="java.specification.vendor" value="Oracle Corporation"/>
    <property name="java.version.date" value="2024-04-16"/>
    <property name="java.home" value="C:\Program Files\Java\jdk-17.0.11+9"/>
    <property name="file.separator" value="\"/>
    <property name="basedir" value="C:\Users\holde\Desktop\homework-2-holden-pi"/>
    <property name="java.vm.compressedOopsMode" value="Zero based"/>
    <property name="line.separator" value="&#10;"/>
    <property name="java.vm.specification.vendor" value="Oracle Corporation"/>
    <property name="java.specification.name" value="Java Platform API Specification"/>
    <property name="surefire.real.class.path" value="C:\Users\holde\AppData\Local\Temp\surefire165382716888115061\surefirebooter644606637664704540.jar"/>
    <property name="user.script" value=""/>
    <property name="sun.management.compiler" value="HotSpot 64-Bit Tiered Compilers"/>
    <property name="java.runtime.version" value="17.0.11+9"/>
    <property name="user.name" value="holde"/>
    <property name="path.separator" value=";"/>
    <property name="os.version" value="10.0"/>
    <property name="java.runtime.name" value="OpenJDK Runtime Environment"/>
    <property name="file.encoding" value="Cp1252"/>
    <property name="java.vm.name" value="OpenJDK 64-Bit Server VM"/>
    <property name="java.vendor.version" value="Temurin-17.0.11+9"/>
    <property name="localRepository" value="C:\Users\holde\.m2\repository"/>
    <property name="java.vendor.url.bug" value="https://github.com/adoptium/adoptium-support/issues"/>
    <property name="java.io.tmpdir" value="C:\Users\holde\AppData\Local\Temp\"/>
    <property name="java.version" value="17.0.11"/>
    <property name="user.dir" value="C:\Users\holde\Desktop\homework-2-holden-pi"/>
    <property name="os.arch" value="amd64"/>
    <property name="java.vm.specification.name" value="Java Virtual Machine Specification"/>
    <property name="sun.os.patch.level" value=""/>
    <property name="native.encoding" value="Cp1252"/>
    <property name="java.library.path" value="C:\Program Files\Java\jdk-17.0.11+9\bin;C:\WINDOWS\Sun\Java\bin;C:\WINDOWS\system32;C:\WINDOWS;C:\Program Files\dotnet\;C:\Program Files\Git\cmd;C:\Users\holde\AppData\Local\Programs\Python\Launcher\;C:\Users\holde\AppData\Local\Microsoft\WindowsApps;C:\Users\holde\AppData\Local\Programs\Microsoft VS Code\bin;C:\Users\holde\AppData\Local\Google\Cloud SDK\google-cloud-sdk\bin;C:\Program Files\Java\jdk-17.0.11+9\bin;C:\Program Files\Docker\Docker\Resources\bin;C:\Users\holde\apache-maven-3.9.7\bin;;."/>
    <property name="java.vm.info" value="mixed mode, sharing"/>
    <property name="java.vendor" value="Eclipse Adoptium"/>
    <property name="java.vm.version" value="17.0.11+9"/>
    <property name="sun.io.unicode.encoding" value="UnicodeLittle"/>
    <property name="java.class.version" value="61.0"/>
  </properties>
  <testcase name="contextLoads" classname="edu.ecu.cs.seng6285.restfulbots.RestfulBotsApplicationTests" time="0.475"/>
</testsuite>